<?xml version="1.0" encoding="UTF-8"?>
<!-- Generated by org.testng.reporters.JUnitReportReporter -->
<testsuite hostname="LAPTOP-1HFOI5V8" failures="0" tests="2" name="OpenMrsTest.OpenMrsTestCase" time="0.924" errors="0" timestamp="2024-08-22T20:14:31 IST" skipped="0">
  <testcase classname="OpenMrsTest.OpenMrsTestCase" name="OPM_TC_2_ValidateRegisterRecord" time="0.048">
    <system-out>
      <![CDATA[OPM_TC_2_ValidateRegisterRecord Execution start]]>
    </system-out>
  </testcase> <!-- OPM_TC_2_ValidateRegisterRecord -->
  <testcase classname="OpenMrsTest.OpenMrsTestCase" name="OPM_TC_1_ValidatePetientName" time="0.876">
    <system-out>
      <![CDATA[OPM_TC_1_ValidatePetientName Execution start]]>
    </system-out>
  </testcase> <!-- OPM_TC_1_ValidatePetientName -->
  <system-out>
    <![CDATA[OPM_TC_1_ValidatePetientName Execution start
OPM_TC_2_ValidateRegisterRecord Execution start]]>
  </system-out>
</testsuite> <!-- OpenMrsTest.OpenMrsTestCase -->
